scatola 134: 39.448016628999206 40.04186564833041 47.30084563499611
scatola 81: 37.20089180615217 39.820512788194264 45.853409721565804
scatola 207: 35.94186119512607 39.23725097868385 42.644676943991
scatola 191: 35.74639534843968 38.8367355076273 35.222769422042255
scatola 178: 35.58832197926644 38.62111009957092 31.816784831704197
scatola 52: 33.613485836772114 37.92748221341931 31.636152314280814
scatola 122: 33.382059552734844 33.1932775820026 29.561620807850396
scatola 196: 33.03219568139876 32.01898979247531 28.31627693037217
scatola 167: 32.13977876088188 31.60158473191283 25.92216998649838
scatola 228: 31.024570663067948 30.880926363322114 25.276584944298925
scatola 258: 29.1455033038407 30.206941801181948 23.780783847479505
scatola 150: 29.09313565609655 29.161963031493954 23.512382003870986
scatola 187: 28.100770667432005 28.578780352020924 23.02410409474281
scatola 210: 25.273755301557756 27.042474487802945 21.991433105227635
scatola 248: 22.166897391092935 25.75435167121066 21.306452014394768
scatola 31: 20.194519506629796 23.278322218443257 20.582228818667943
scatola 173: 19.61267096125295 20.875259017620273 18.49573443114081
scatola 157: 17.85678958778786 19.14895778429288 17.279301883511074
scatola 168: 16.161745203580548 18.427503396061965 12.875382102927297
scatola 120: 16.05664388461425 13.020531754145104 9.146368146033234
scatola 266: 16.04219788771705 8.075828576179457 8.717864785103211
scatola 75: 15.983179999222077 6.840688998082417 7.940787358399348
